[2025-06-04 11:03:41,728] INFO - django.utils.autoreload - Watching for file changes with StatReloader
[2025-06-04 11:03:43,891] INFO - django.utils.autoreload - /Users/mr.pirdadeh/Desktop/-ــ-/taxi/settings.py changed, reloading.
[2025-06-04 11:03:44,108] INFO - django.utils.autoreload - Watching for file changes with StatReloader
[2025-06-04 11:03:53,416] INFO - django.utils.autoreload - /Users/mr.pirdadeh/Desktop/-ــ-/taxi/settings.py changed, reloading.
[2025-06-04 11:03:53,650] INFO - django.utils.autoreload - Watching for file changes with StatReloader
[2025-06-04 11:04:10,109] INFO - django.utils.autoreload - /Users/mr.pirdadeh/Desktop/-ــ-/taxi/settings.py changed, reloading.
[2025-06-04 11:04:10,347] INFO - django.utils.autoreload - Watching for file changes with StatReloader
[2025-06-04 11:07:41,779] INFO - django.utils.autoreload - /Users/mr.pirdadeh/Desktop/-ــ-/users/models.py changed, reloading.
[2025-06-04 11:07:42,089] INFO - django.utils.autoreload - Watching for file changes with StatReloader
[2025-06-04 11:07:44,254] INFO - django.utils.autoreload - /Users/mr.pirdadeh/Desktop/-ــ-/users/models.py changed, reloading.
[2025-06-04 11:07:44,482] INFO - django.utils.autoreload - Watching for file changes with StatReloader
[2025-06-04 11:08:10,127] INFO - django.utils.autoreload - /Users/mr.pirdadeh/Desktop/-ــ-/users/models.py changed, reloading.
[2025-06-04 11:08:10,396] INFO - django.utils.autoreload - Watching for file changes with StatReloader
[2025-06-04 11:08:12,547] INFO - django.utils.autoreload - /Users/mr.pirdadeh/Desktop/-ــ-/users/models.py changed, reloading.
[2025-06-04 11:08:12,728] INFO - django.utils.autoreload - Watching for file changes with StatReloader
[2025-06-04 11:08:31,040] INFO - django.utils.autoreload - /Users/mr.pirdadeh/Desktop/-ــ-/users/models.py changed, reloading.
[2025-06-04 11:08:31,265] INFO - django.utils.autoreload - Watching for file changes with StatReloader
[2025-06-04 11:08:33,420] INFO - django.utils.autoreload - /Users/mr.pirdadeh/Desktop/-ــ-/users/models.py changed, reloading.
[2025-06-04 11:08:33,666] INFO - django.utils.autoreload - Watching for file changes with StatReloader
[2025-06-04 11:08:35,814] INFO - django.utils.autoreload - /Users/mr.pirdadeh/Desktop/-ــ-/users/models.py changed, reloading.
[2025-06-04 11:08:36,031] INFO - django.utils.autoreload - Watching for file changes with StatReloader
[2025-06-04 11:08:38,170] INFO - django.utils.autoreload - /Users/mr.pirdadeh/Desktop/-ــ-/users/models.py changed, reloading.
[2025-06-04 11:08:38,378] INFO - django.utils.autoreload - Watching for file changes with StatReloader
[2025-06-04 11:08:40,504] INFO - django.utils.autoreload - /Users/mr.pirdadeh/Desktop/-ــ-/users/models.py changed, reloading.
[2025-06-04 11:08:40,741] INFO - django.utils.autoreload - Watching for file changes with StatReloader
[2025-06-04 11:09:22,004] INFO - django.utils.autoreload - Watching for file changes with StatReloader
[2025-06-04 11:12:10,449] INFO - django.utils.autoreload - /Users/mr.pirdadeh/Desktop/-ــ-/users/models.py changed, reloading.
[2025-06-04 11:12:10,780] INFO - django.utils.autoreload - Watching for file changes with StatReloader
[2025-06-04 11:13:39,984] INFO - django.utils.autoreload - /Users/mr.pirdadeh/Desktop/-ــ-/users/models.py changed, reloading.
[2025-06-04 11:13:40,283] INFO - django.utils.autoreload - Watching for file changes with StatReloader
[2025-06-04 11:13:41,430] INFO - django.utils.autoreload - /Users/mr.pirdadeh/Desktop/-ــ-/users/models.py changed, reloading.
[2025-06-04 11:13:41,636] INFO - django.utils.autoreload - Watching for file changes with StatReloader
[2025-06-04 11:15:19,652] INFO - django.utils.autoreload - Watching for file changes with StatReloader
[2025-06-04 11:15:55,698] INFO - django.utils.autoreload - /Users/mr.pirdadeh/Desktop/-ــ-/users/admin.py changed, reloading.
[2025-06-04 11:15:56,005] INFO - django.utils.autoreload - Watching for file changes with StatReloader
[2025-06-04 11:18:13,642] INFO - django.utils.autoreload - /Users/mr.pirdadeh/Desktop/-ــ-/users/admin.py changed, reloading.
[2025-06-04 11:18:13,966] INFO - django.utils.autoreload - Watching for file changes with StatReloader
[2025-06-04 11:18:15,127] INFO - django.utils.autoreload - /Users/mr.pirdadeh/Desktop/-ــ-/users/admin.py changed, reloading.
[2025-06-04 11:18:15,343] INFO - django.utils.autoreload - Watching for file changes with StatReloader
[2025-06-04 11:18:20,564] INFO - django.utils.autoreload - /Users/mr.pirdadeh/Desktop/-ــ-/users/admin.py changed, reloading.
[2025-06-04 11:18:20,814] INFO - django.utils.autoreload - Watching for file changes with StatReloader
[2025-06-04 11:19:26,632] INFO - django.utils.autoreload - /Users/mr.pirdadeh/Desktop/-ــ-/users/models.py changed, reloading.
[2025-06-04 11:19:26,873] INFO - django.utils.autoreload - Watching for file changes with StatReloader
[2025-06-04 11:21:46,214] INFO - django.utils.autoreload - Watching for file changes with StatReloader
[2025-06-04 11:23:13,607] INFO - django.utils.autoreload - /Users/mr.pirdadeh/Desktop/-ــ-/users/admin.py changed, reloading.
[2025-06-04 11:23:13,935] INFO - django.utils.autoreload - Watching for file changes with StatReloader
[2025-06-04 11:25:04,994] INFO - django.utils.autoreload - /Users/mr.pirdadeh/Desktop/-ــ-/users/models.py changed, reloading.
[2025-06-04 11:25:05,361] INFO - django.utils.autoreload - Watching for file changes with StatReloader
[2025-06-04 11:26:38,437] INFO - django.utils.autoreload - Watching for file changes with StatReloader
[2025-06-04 11:30:05,101] INFO - django.utils.autoreload - /Users/mr.pirdadeh/Desktop/-ــ-/users/models.py changed, reloading.
[2025-06-04 11:30:05,371] INFO - django.utils.autoreload - Watching for file changes with StatReloader
[2025-06-04 11:30:09,536] INFO - django.utils.autoreload - /Users/mr.pirdadeh/Desktop/-ــ-/users/models.py changed, reloading.
[2025-06-04 11:30:09,751] INFO - django.utils.autoreload - Watching for file changes with StatReloader
[2025-06-04 11:30:10,913] INFO - django.utils.autoreload - /Users/mr.pirdadeh/Desktop/-ــ-/users/models.py changed, reloading.
[2025-06-04 11:30:11,125] INFO - django.utils.autoreload - Watching for file changes with StatReloader
[2025-06-04 11:30:18,400] INFO - django.utils.autoreload - /Users/mr.pirdadeh/Desktop/-ــ-/users/models.py changed, reloading.
[2025-06-04 11:30:18,647] INFO - django.utils.autoreload - Watching for file changes with StatReloader
[2025-06-04 11:30:27,987] INFO - django.utils.autoreload - /Users/mr.pirdadeh/Desktop/-ــ-/users/models.py changed, reloading.
[2025-06-04 11:30:28,204] INFO - django.utils.autoreload - Watching for file changes with StatReloader
[2025-06-04 11:30:35,856] INFO - django.utils.autoreload - Watching for file changes with StatReloader
[2025-06-04 11:32:22,752] INFO - django.utils.autoreload - /Users/mr.pirdadeh/Desktop/-ــ-/users/models.py changed, reloading.
[2025-06-04 11:32:23,081] INFO - django.utils.autoreload - Watching for file changes with StatReloader
[2025-06-04 11:32:29,792] INFO - django.utils.autoreload - Watching for file changes with StatReloader
[2025-06-04 11:33:04,793] INFO - django.utils.autoreload - /Users/mr.pirdadeh/Desktop/-ــ-/users/models.py changed, reloading.
[2025-06-04 11:33:05,122] INFO - django.utils.autoreload - Watching for file changes with StatReloader
[2025-06-04 11:33:42,171] INFO - django.utils.autoreload - /Users/mr.pirdadeh/Desktop/-ــ-/users/models.py changed, reloading.
[2025-06-04 11:33:42,487] INFO - django.utils.autoreload - Watching for file changes with StatReloader
[2025-06-04 11:34:57,503] INFO - django.utils.autoreload - /Users/mr.pirdadeh/Desktop/-ــ-/users/models.py changed, reloading.
[2025-06-04 11:34:57,821] INFO - django.utils.autoreload - Watching for file changes with StatReloader
[2025-06-04 11:35:05,712] INFO - django.utils.autoreload - Watching for file changes with StatReloader
[2025-06-04 11:35:28,451] INFO - django.utils.autoreload - /Users/mr.pirdadeh/Desktop/-ــ-/users/models.py changed, reloading.
[2025-06-04 11:35:28,845] INFO - django.utils.autoreload - Watching for file changes with StatReloader
[2025-06-04 13:19:51,956] INFO - django.utils.autoreload - Watching for file changes with StatReloader
[2025-06-04 13:19:59,204] INFO - django.utils.autoreload - /Users/mr.pirdadeh/Desktop/-ــ-/users/serializers.py changed, reloading.
[2025-06-04 13:19:59,435] INFO - django.utils.autoreload - Watching for file changes with StatReloader
[2025-06-04 13:20:00,583] INFO - django.utils.autoreload - /Users/mr.pirdadeh/Desktop/-ــ-/users/serializers.py changed, reloading.
[2025-06-04 13:20:00,788] INFO - django.utils.autoreload - Watching for file changes with StatReloader
[2025-06-04 13:22:48,316] INFO - django.utils.autoreload - /Users/mr.pirdadeh/Desktop/-ــ-/users/models.py changed, reloading.
[2025-06-04 13:22:48,621] INFO - django.utils.autoreload - Watching for file changes with StatReloader
[2025-06-04 13:25:11,707] INFO - django.utils.autoreload - Watching for file changes with StatReloader
[2025-06-04 13:25:26,141] INFO - django.utils.autoreload - /Users/mr.pirdadeh/Desktop/-ــ-/users/views.py changed, reloading.
[2025-06-04 13:25:26,488] INFO - django.utils.autoreload - Watching for file changes with StatReloader
[2025-06-04 13:28:51,073] INFO - django.utils.autoreload - /Users/mr.pirdadeh/Desktop/-ــ-/users/serializers.py changed, reloading.
[2025-06-04 13:28:51,416] INFO - django.utils.autoreload - Watching for file changes with StatReloader
[2025-06-04 13:30:45,598] INFO - django.utils.autoreload - /Users/mr.pirdadeh/Desktop/-ــ-/users/views.py changed, reloading.
[2025-06-04 13:30:45,942] INFO - django.utils.autoreload - Watching for file changes with StatReloader
[2025-06-04 13:30:55,319] INFO - django.utils.autoreload - /Users/mr.pirdadeh/Desktop/-ــ-/users/views.py changed, reloading.
[2025-06-04 13:30:55,637] INFO - django.utils.autoreload - Watching for file changes with StatReloader
[2025-06-04 13:31:24,446] INFO - django.utils.autoreload - /Users/mr.pirdadeh/Desktop/-ــ-/users/views.py changed, reloading.
[2025-06-04 13:31:24,784] INFO - django.utils.autoreload - Watching for file changes with StatReloader
[2025-06-04 13:33:33,321] INFO - django.utils.autoreload - /Users/mr.pirdadeh/Desktop/-ــ-/users/views.py changed, reloading.
[2025-06-04 13:33:33,646] INFO - django.utils.autoreload - Watching for file changes with StatReloader
[2025-06-04 13:34:29,215] INFO - django.utils.autoreload - /Users/mr.pirdadeh/Desktop/-ــ-/users/urls.py changed, reloading.
[2025-06-04 13:34:29,584] INFO - django.utils.autoreload - Watching for file changes with StatReloader
[2025-06-04 13:34:32,776] INFO - django.utils.autoreload - /Users/mr.pirdadeh/Desktop/-ــ-/users/urls.py changed, reloading.
[2025-06-04 13:34:33,003] INFO - django.utils.autoreload - Watching for file changes with StatReloader
[2025-06-04 13:34:34,144] INFO - django.utils.autoreload - /Users/mr.pirdadeh/Desktop/-ــ-/users/urls.py changed, reloading.
[2025-06-04 13:34:34,356] INFO - django.utils.autoreload - Watching for file changes with StatReloader
[2025-06-04 13:34:35,484] INFO - django.utils.autoreload - /Users/mr.pirdadeh/Desktop/-ــ-/users/urls.py changed, reloading.
[2025-06-04 13:34:35,693] INFO - django.utils.autoreload - Watching for file changes with StatReloader
[2025-06-04 13:34:44,014] INFO - django.utils.autoreload - /Users/mr.pirdadeh/Desktop/-ــ-/users/urls.py changed, reloading.
[2025-06-04 13:34:44,248] INFO - django.utils.autoreload - Watching for file changes with StatReloader
[2025-06-04 13:35:27,174] WARNING - django.request - Not Found: /
[2025-06-04 13:35:31,185] WARNING - django.request - Not Found: /users/
[2025-06-04 13:35:35,348] WARNING - django.request - Method Not Allowed: /users/send-otp/
[2025-06-04 13:35:35,534] WARNING - django.request - Method Not Allowed: /users/send-otp/
[2025-06-04 13:35:41,706] INFO - root - در حال ارسال کد 334471 به شماره 09029532349 برای هدف 'registration'.
[2025-06-04 13:35:42,174] INFO - root - پیامک با موفقیت ارسال شد.
[2025-06-04 13:35:42,175] INFO - root - پیامک با موفقیت ارسال شد.
[2025-06-04 13:36:09,660] WARNING - django.request - Not Found: /users/referrals/
[2025-06-04 13:36:45,841] INFO - django.utils.autoreload - /Users/mr.pirdadeh/Desktop/-ــ-/users/serializers.py changed, reloading.
[2025-06-04 13:36:46,179] INFO - django.utils.autoreload - Watching for file changes with StatReloader
[2025-06-04 13:37:16,166] INFO - django.utils.autoreload - /Users/mr.pirdadeh/Desktop/-ــ-/users/sms_service.py changed, reloading.
[2025-06-04 13:37:16,497] INFO - django.utils.autoreload - Watching for file changes with StatReloader
[2025-06-04 13:38:42,985] INFO - django.utils.autoreload - Watching for file changes with StatReloader
[2025-06-04 13:38:44,056] WARNING - django.request - Method Not Allowed: /users/send-otp/
[2025-06-04 13:38:47,910] INFO - root - در حال ارسال کد 124978 به شماره 09018813874 برای هدف 'registration'.
[2025-06-04 13:38:48,173] INFO - root - پیامک با موفقیت ارسال شد.
[2025-06-04 13:38:48,173] INFO - root - پیامک با موفقیت ارسال شد.
[2025-06-04 13:39:20,123] INFO - django.utils.autoreload - /Users/mr.pirdadeh/Desktop/-ــ-/users/models.py changed, reloading.
[2025-06-04 13:39:20,431] INFO - django.utils.autoreload - Watching for file changes with StatReloader
[2025-06-04 13:39:32,561] INFO - django.utils.autoreload - Watching for file changes with StatReloader
[2025-06-04 13:39:39,263] WARNING - django.request - Too Many Requests: /users/send-otp/
[2025-06-04 13:40:09,041] INFO - root - در حال ارسال کد 4097 به شماره 09029532349 برای هدف 'registration'.
[2025-06-04 13:40:09,329] INFO - root - پیامک با موفقیت ارسال شد.
[2025-06-04 13:40:09,330] INFO - root - پیامک با موفقیت ارسال شد.
[2025-06-04 13:40:28,289] INFO - django.utils.autoreload - /Users/mr.pirdadeh/Desktop/-ــ-/users/models.py changed, reloading.
[2025-06-04 13:40:28,598] INFO - django.utils.autoreload - Watching for file changes with StatReloader
[2025-06-04 13:41:02,621] INFO - django.utils.autoreload - /Users/mr.pirdadeh/Desktop/-ــ-/users/sms_service.py changed, reloading.
[2025-06-04 13:41:02,942] INFO - django.utils.autoreload - Watching for file changes with StatReloader
[2025-06-04 13:41:08,261] INFO - root - در حال ارسال کد 6107 به شماره 09018813874 برای هدف 'registration'.
[2025-06-04 13:41:08,261] ERROR - root - خطا در ایجاد یا ارسال OTP: invalid literal for int() with base 10: 'کد تایید شما: 6107'
[2025-06-04 13:41:46,490] INFO - root - در حال ارسال کد 4305 به شماره 09029532349 برای هدف 'registration'.
[2025-06-04 13:41:46,491] ERROR - root - خطا در ایجاد یا ارسال OTP: invalid literal for int() with base 10: 'کد تایید شما: 4305'
[2025-06-04 13:44:09,161] INFO - django.utils.autoreload - /Users/mr.pirdadeh/Desktop/-ــ-/users/sms_service.py changed, reloading.
[2025-06-04 13:44:09,529] INFO - django.utils.autoreload - Watching for file changes with StatReloader
[2025-06-04 13:45:52,005] INFO - root - در حال ارسال کد 4107 به شماره 09018813874 برای هدف 'registration'.
[2025-06-04 13:45:52,315] INFO - root - پیامک با موفقیت ارسال شد.
[2025-06-04 13:45:52,316] INFO - root - پیامک با موفقیت ارسال شد.
[2025-06-04 13:46:30,410] INFO - django.utils.autoreload - Watching for file changes with StatReloader
[2025-06-04 13:46:36,364] WARNING - django.request - Too Many Requests: /users/send-otp/
[2025-06-04 13:46:40,150] WARNING - django.request - Too Many Requests: /users/send-otp/
[2025-06-04 13:47:01,051] INFO - root - در حال ارسال کد 9164 به شماره 09029532349 برای هدف 'registration'.
[2025-06-04 13:47:01,521] INFO - root - پیامک با موفقیت ارسال شد.
[2025-06-04 13:47:01,521] INFO - root - پیامک با موفقیت ارسال شد.
[2025-06-04 13:49:17,727] WARNING - django.request - Not Found: /users/admin/
[2025-06-04 13:50:18,789] INFO - django.utils.autoreload - /Users/mr.pirdadeh/Desktop/-ــ-/users/models.py changed, reloading.
[2025-06-04 13:50:19,121] INFO - django.utils.autoreload - Watching for file changes with StatReloader
[2025-06-04 13:50:27,461] INFO - django.utils.autoreload - /Users/mr.pirdadeh/Desktop/-ــ-/users/models.py changed, reloading.
[2025-06-04 13:50:27,813] INFO - django.utils.autoreload - Watching for file changes with StatReloader
[2025-06-04 13:50:29,961] INFO - django.utils.autoreload - /Users/mr.pirdadeh/Desktop/-ــ-/users/admin.py changed, reloading.
[2025-06-04 13:50:30,257] INFO - django.utils.autoreload - Watching for file changes with StatReloader
